<?xml version="1.0" encoding="UTF-8"?>
<!-- Generated by org.testng.reporters.JUnitXMLReporter -->
<testsuite ignored="0" hostname="Mos-MacBook-Pro.local" failures="0" tests="3" name="Run on firefox" time="136.545" errors="0" timestamp="20 Sep 2022 03:15:19 GMT">
  <testcase classname="com.bankGuru.payment.Payment" name="TC_01_Create_New_Customer" time="26.287"/>
  <testcase classname="com.bankGuru.payment.Payment" name="TC_02_Edit_Customer" time="30.677"/>
  <testcase classname="com.bankGuru.payment.Payment" name="TC_03_Create_New_Account" time="55.189"/>
</testsuite> <!-- Run on firefox -->
