<?xml version="1.0" encoding="UTF-8"?>
<!-- Generated by org.testng.reporters.JUnitXMLReporter -->
<testsuite ignored="1" hostname="Mos-MacBook-Pro.local" failures="0" tests="3" name="Run on firefox" time="150.574" errors="0" timestamp="23 Sep 2022 08:00:41 GMT">
  <testcase classname="commons.RegisterNopCommercePage" name="TC_01_Register_Success" time="8.421"/>
  <testcase classname="com.nopCommerce.user.Sort" name="TC_06_Displayed_6_Products" time="65.443"/>
  <testcase classname="com.nopCommerce.user.Sort" name="TC_07_Displayed_9_Products" time="65.223"/>
  <testcase classname="commons.BaseTest" name="@BeforeSuite initBeforeSuite" time="0.0">
    <ignored/>
  </testcase> <!-- @BeforeSuite initBeforeSuite -->
</testsuite> <!-- Run on firefox -->
