<?xml version="1.0" encoding="UTF-8"?>
<!-- Generated by org.testng.reporters.JUnitXMLReporter -->
<testsuite ignored="1" hostname="Mos-MacBook-Pro.local" failures="0" tests="2" name="Run on firefox" time="27.695" errors="0" timestamp="26 Sep 2022 09:15:58 GMT">
  <testcase classname="commons.RegisterNopCommercePage" name="TC_01_Register_Success" time="8.082"/>
  <testcase classname="com.nopCommerce.user.WhishlistComPareRecentView" name="TC_04_Add_Product_Compare" time="9.217"/>
  <testcase classname="commons.BaseTest" name="@BeforeSuite initBeforeSuite" time="0.0">
    <ignored/>
  </testcase> <!-- @BeforeSuite initBeforeSuite -->
</testsuite> <!-- Run on firefox -->
