<?xml version="1.0" encoding="UTF-8"?>
<testng-results ignored="0" total="1" passed="1" failed="0" skipped="0">
  <reporter-output>
  </reporter-output>
  <suite started-at="2022-09-16T16:19:56Z" name="Bank-Guru" finished-at="2022-09-16T16:20:55Z" duration-ms="58513">
    <groups>
    </groups>
    <test started-at="2022-09-16T16:19:56Z" name="Run on firefox" finished-at="2022-09-16T16:20:55Z" duration-ms="58513">
      <class name="com.bankGuru.payment.Payment">
        <test-method is-config="true" signature="initBeforeSuite()[pri:0, instance:com.bankGuru.payment.Payment@3fd2322d]" started-at="2022-09-16T16:19:56Z" name="initBeforeSuite" finished-at="2022-09-16T16:19:56Z" duration-ms="37" status="PASS">
          <reporter-output>
          </reporter-output>
        </test-method> <!-- initBeforeSuite -->
        <test-method is-config="true" signature="beforeClass(java.lang.String, java.lang.String)[pri:0, instance:com.bankGuru.payment.Payment@3fd2322d]" started-at="2022-09-16T16:19:56Z" name="beforeClass" finished-at="2022-09-16T16:20:35Z" duration-ms="38643" status="PASS">
          <params>
            <param index="0">
              <value>
                <![CDATA[firefox]]>
              </value>
            </param>
            <param index="1">
              <value>
                <![CDATA[Dev]]>
              </value>
            </param>
          </params>
          <reporter-output>
          </reporter-output>
        </test-method> <!-- beforeClass -->
        <test-method signature="TC_01_Create_New_Customer()[pri:0, instance:com.bankGuru.payment.Payment@3fd2322d]" started-at="2022-09-16T16:20:35Z" name="TC_01_Create_New_Customer" finished-at="2022-09-16T16:20:54Z" duration-ms="19135" status="PASS">
          <reporter-output>
          </reporter-output>
        </test-method> <!-- TC_01_Create_New_Customer -->
        <test-method is-config="true" signature="afterClass()[pri:0, instance:com.bankGuru.payment.Payment@3fd2322d]" started-at="2022-09-16T16:20:54Z" name="afterClass" finished-at="2022-09-16T16:20:55Z" duration-ms="604" status="PASS">
          <reporter-output>
          </reporter-output>
        </test-method> <!-- afterClass -->
      </class> <!-- com.bankGuru.payment.Payment -->
    </test> <!-- Run on firefox -->
  </suite> <!-- Bank-Guru -->
</testng-results>
