<?xml version="1.0" encoding="UTF-8"?>
<!-- Generated by org.testng.reporters.JUnitXMLReporter -->
<testsuite ignored="0" hostname="Mos-MacBook-Pro.local" failures="0" tests="3" name="Run on firefox" time="28.299" errors="0" timestamp="10 Sep 2022 02:16:31 GMT">
  <testcase classname="com.nopcommerce.user.Level_20_Multiple_Environment_Owner" name="User_01_Register" time="4.042"/>
  <testcase classname="com.nopcommerce.user.Level_20_Multiple_Environment_Owner" name="User_02_Login" time="3.145"/>
  <testcase classname="com.nopcommerce.user.Level_20_Multiple_Environment_Owner" name="User_03_My_Account" time="10.997"/>
</testsuite> <!-- Run on firefox -->
