<?xml version="1.0" encoding="UTF-8"?>
<testng-results ignored="1" total="3" passed="2" failed="0" skipped="0">
  <reporter-output>
    <line>
      <![CDATA[[2022-09-26 16:15:47,471] Pre-condition-01: click to login link
<br>]]>
    </line>
    <line>
      <![CDATA[[2022-09-26 16:15:47,954] Pre-condition-02: enter to email elroy.ondricka@gmail.com
<br>]]>
    </line>
    <line>
      <![CDATA[[2022-09-26 16:15:48,076] Pre-condition-03: enter to password gnCCe*evtm9
<br>]]>
    </line>
    <line>
      <![CDATA[[2022-09-26 16:15:48,198] Pre-condition-04: click to Login Button
<br>]]>
    </line>
    <line>
      <![CDATA[[2022-09-26 16:15:48,912] Add_Product_Compare_01: Click to Computer link
<br>]]>
    </line>
    <line>
      <![CDATA[[2022-09-26 16:15:49,419] Add_Product_Compare_02: Click to Desktop link
<br>]]>
    </line>
    <line>
      <![CDATA[[2022-09-26 16:15:51,918] Add_Product_Compare_03: Click to add compare button
<br>]]>
    </line>
    <line>
      <![CDATA[[2022-09-26 16:15:51,988] Add_Product_Compare_04: Verify message is shown
<br>]]>
    </line>
    <line>
      <![CDATA[[2022-09-26 16:15:52,305] Add_Product_Compare_05: Click close to add compare button message
<br>]]>
    </line>
    <line>
      <![CDATA[[2022-09-26 16:15:54,362] Add_Product_Compare_06: Click to add compare button
<br>]]>
    </line>
    <line>
      <![CDATA[[2022-09-26 16:15:54,427] Add_Product_Compare_07: Verify message is shown
<br>]]>
    </line>
    <line>
      <![CDATA[[2022-09-26 16:15:54,738] Add_Product_Compare_08: Click close to add compare button message
<br>]]>
    </line>
    <line>
      <![CDATA[[2022-09-26 16:15:56,792] Add_Product_Compare_09: Click Compare product page
<br>]]>
    </line>
    <line>
      <![CDATA[[2022-09-26 16:15:57,320] Add_Product_Compare_10: Verify product is shown
<br>]]>
    </line>
    <line>
      <![CDATA[[2022-09-26 16:15:57,397] Add_Product_Compare_11: Click to clear button
<br>]]>
    </line>
    <line>
      <![CDATA[[2022-09-26 16:15:58,090] Add_Product_Compare_12: Verify message is shown
<br>]]>
    </line>
  </reporter-output>
  <suite started-at="2022-09-26T09:15:30Z" name="NopCommerce" finished-at="2022-09-26T09:15:58Z" duration-ms="27695">
    <groups>
    </groups>
    <test started-at="2022-09-26T09:15:30Z" name="Run on firefox" finished-at="2022-09-26T09:15:58Z" duration-ms="27695">
      <class name="commons.RegisterNopCommercePage">
        <test-method is-config="true" signature="initBeforeSuite()[pri:0, instance:commons.RegisterNopCommercePage@1b1cfb87]" started-at="2022-09-26T09:15:30Z" name="initBeforeSuite" finished-at="2022-09-26T09:15:30Z" duration-ms="8" status="PASS">
          <reporter-output>
          </reporter-output>
        </test-method> <!-- initBeforeSuite -->
        <test-method is-config="true" signature="beforeClass(java.lang.String, java.lang.String)[pri:0, instance:commons.RegisterNopCommercePage@1b1cfb87]" started-at="2022-09-26T09:15:30Z" name="beforeClass" finished-at="2022-09-26T09:15:35Z" duration-ms="4952" status="PASS">
          <params>
            <param index="0">
              <value>
                <![CDATA[chrome]]>
              </value>
            </param>
            <param index="1">
              <value>
                <![CDATA[Dev]]>
              </value>
            </param>
          </params>
          <reporter-output>
          </reporter-output>
        </test-method> <!-- beforeClass -->
        <test-method signature="TC_01_Register_Success()[pri:0, instance:commons.RegisterNopCommercePage@1b1cfb87]" started-at="2022-09-26T09:15:35Z" name="TC_01_Register_Success" finished-at="2022-09-26T09:15:43Z" duration-ms="8082" status="PASS">
          <reporter-output>
          </reporter-output>
        </test-method> <!-- TC_01_Register_Success -->
        <test-method is-config="true" signature="afterClass()[pri:0, instance:commons.RegisterNopCommercePage@1b1cfb87]" started-at="2022-09-26T09:15:43Z" name="afterClass" finished-at="2022-09-26T09:15:43Z" duration-ms="124" status="PASS">
          <reporter-output>
          </reporter-output>
        </test-method> <!-- afterClass -->
      </class> <!-- commons.RegisterNopCommercePage -->
      <class name="com.nopCommerce.user.WhishlistComPareRecentView">
        <test-method is-config="true" signature="beforeClass(java.lang.String, java.lang.String)[pri:0, instance:com.nopCommerce.user.WhishlistComPareRecentView@821330f]" started-at="2022-09-26T09:15:43Z" name="beforeClass" finished-at="2022-09-26T09:15:48Z" duration-ms="5298" status="PASS">
          <params>
            <param index="0">
              <value>
                <![CDATA[chrome]]>
              </value>
            </param>
            <param index="1">
              <value>
                <![CDATA[Dev]]>
              </value>
            </param>
          </params>
          <reporter-output>
            <line>
              <![CDATA[[2022-09-26 16:15:47,471] Pre-condition-01: click to login link
<br>]]>
            </line>
            <line>
              <![CDATA[[2022-09-26 16:15:47,954] Pre-condition-02: enter to email elroy.ondricka@gmail.com
<br>]]>
            </line>
            <line>
              <![CDATA[[2022-09-26 16:15:48,076] Pre-condition-03: enter to password gnCCe*evtm9
<br>]]>
            </line>
            <line>
              <![CDATA[[2022-09-26 16:15:48,198] Pre-condition-04: click to Login Button
<br>]]>
            </line>
          </reporter-output>
        </test-method> <!-- beforeClass -->
        <test-method signature="TC_04_Add_Product_Compare()[pri:0, instance:com.nopCommerce.user.WhishlistComPareRecentView@821330f]" started-at="2022-09-26T09:15:48Z" name="TC_04_Add_Product_Compare" finished-at="2022-09-26T09:15:58Z" duration-ms="9217" status="PASS">
          <reporter-output>
            <line>
              <![CDATA[[2022-09-26 16:15:48,912] Add_Product_Compare_01: Click to Computer link
<br>]]>
            </line>
            <line>
              <![CDATA[[2022-09-26 16:15:49,419] Add_Product_Compare_02: Click to Desktop link
<br>]]>
            </line>
            <line>
              <![CDATA[[2022-09-26 16:15:51,918] Add_Product_Compare_03: Click to add compare button
<br>]]>
            </line>
            <line>
              <![CDATA[[2022-09-26 16:15:51,988] Add_Product_Compare_04: Verify message is shown
<br>]]>
            </line>
            <line>
              <![CDATA[[2022-09-26 16:15:52,305] Add_Product_Compare_05: Click close to add compare button message
<br>]]>
            </line>
            <line>
              <![CDATA[[2022-09-26 16:15:54,362] Add_Product_Compare_06: Click to add compare button
<br>]]>
            </line>
            <line>
              <![CDATA[[2022-09-26 16:15:54,427] Add_Product_Compare_07: Verify message is shown
<br>]]>
            </line>
            <line>
              <![CDATA[[2022-09-26 16:15:54,738] Add_Product_Compare_08: Click close to add compare button message
<br>]]>
            </line>
            <line>
              <![CDATA[[2022-09-26 16:15:56,792] Add_Product_Compare_09: Click Compare product page
<br>]]>
            </line>
            <line>
              <![CDATA[[2022-09-26 16:15:57,320] Add_Product_Compare_10: Verify product is shown
<br>]]>
            </line>
            <line>
              <![CDATA[[2022-09-26 16:15:57,397] Add_Product_Compare_11: Click to clear button
<br>]]>
            </line>
            <line>
              <![CDATA[[2022-09-26 16:15:58,090] Add_Product_Compare_12: Verify message is shown
<br>]]>
            </line>
          </reporter-output>
        </test-method> <!-- TC_04_Add_Product_Compare -->
        <test-method is-config="true" signature="afterClass()[pri:0, instance:com.nopCommerce.user.WhishlistComPareRecentView@821330f]" started-at="2022-09-26T09:15:58Z" name="afterClass" finished-at="2022-09-26T09:15:58Z" duration-ms="1" status="PASS">
          <reporter-output>
          </reporter-output>
        </test-method> <!-- afterClass -->
      </class> <!-- com.nopCommerce.user.WhishlistComPareRecentView -->
    </test> <!-- Run on firefox -->
  </suite> <!-- NopCommerce -->
</testng-results>
