<?xml version="1.0" encoding="UTF-8"?>
<testng-results ignored="1" total="3" passed="2" failed="0" skipped="0">
  <reporter-output>
    <line>
      <![CDATA[[2022-09-21 15:38:26,591] Pre-condition-01: click to login link
<br>]]>
    </line>
    <line>
      <![CDATA[[2022-09-21 15:38:27,255] Pre-condition-02: enter to email adelaida.auer@gmail.com
<br>]]>
    </line>
    <line>
      <![CDATA[[2022-09-21 15:38:27,307] Pre-condition-03: enter to password5lp4A3^@%6
<br>]]>
    </line>
    <line>
      <![CDATA[[2022-09-21 15:38:27,354] Pre-condition-04: click to Login Button
<br>]]>
    </line>
    <line>
      <![CDATA[[2022-09-21 15:38:28,052] Upadte_customer_infor_01: click to my account link
<br>]]>
    </line>
    <line>
      <![CDATA[[2022-09-21 15:38:28,669] Upadte_customer_infor_02: select Female radio
<br>]]>
    </line>
    <line>
      <![CDATA[[2022-09-21 15:38:28,911] Upadte_customer_infor_03: enter fisrt name textbox
<br>]]>
    </line>
    <line>
      <![CDATA[[2022-09-21 15:38:28,963] Upadte_customer_infor_04: enter last name textbox
<br>]]>
    </line>
    <line>
      <![CDATA[[2022-09-21 15:38:29,016] Upadte_customer_infor_05: select date
<br>]]>
    </line>
    <line>
      <![CDATA[[2022-09-21 15:38:29,266] Upadte_customer_infor_06: select month
<br>]]>
    </line>
    <line>
      <![CDATA[[2022-09-21 15:38:29,515] Upadte_customer_infor_07: select year
<br>]]>
    </line>
    <line>
      <![CDATA[[2022-09-21 15:38:29,766] Upadte_customer_infor_08: enter email textbox
<br>]]>
    </line>
    <line>
      <![CDATA[[2022-09-21 15:38:29,822] Upadte_customer_infor_09: enter company name textbox
<br>]]>
    </line>
    <line>
      <![CDATA[[2022-09-21 15:38:29,872] Upadte_customer_infor_10: click save button
<br>]]>
    </line>
    <line>
      <![CDATA[[2022-09-21 15:38:30,530] Upadte_customer_infor_11: Verify Gender is updated female
<br>]]>
    </line>
    <line>
      <![CDATA[[2022-09-21 15:38:30,560] Upadte_customer_infor_12: Verify first name is updated successful Dagny
<br>]]>
    </line>
    <line>
      <![CDATA[[2022-09-21 15:38:30,587] Upadte_customer_infor_13: Verify last name is updated successful Prohaska
<br>]]>
    </line>
    <line>
      <![CDATA[[2022-09-21 15:38:30,613] Upadte_customer_infor_14: Verify date is updated successful 11
<br>]]>
    </line>
    <line>
      <![CDATA[[2022-09-21 15:38:30,676] Upadte_customer_infor_15: Verify month is updated successful July
<br>]]>
    </line>
    <line>
      <![CDATA[[2022-09-21 15:38:30,730] Upadte_customer_infor_16: Verify year is updated successful 2000
<br>]]>
    </line>
    <line>
      <![CDATA[[2022-09-21 15:38:30,939] Upadte_customer_infor_17: Verify email is updated successful annelle.boyer@yahoo.com
<br>]]>
    </line>
    <line>
      <![CDATA[[2022-09-21 15:38:30,967] Upadte_customer_infor_18: Verify company name is updated successful Torphy Inc
<br>]]>
    </line>
    <line>
      <![CDATA[[2022-09-21 15:38:30,999] OS name = mac os x
<br>]]>
    </line>
    <line>
      <![CDATA[[2022-09-21 15:38:30,999] Driver instance name = firefoxdriver: firefox on mac (410b0723-6be3-45cf-a447-d53f569e8b4f)
<br>]]>
    </line>
  </reporter-output>
  <suite started-at="2022-09-21T08:38:08Z" name="NopCommerce" finished-at="2022-09-21T08:38:31Z" duration-ms="22952">
    <groups>
    </groups>
    <test started-at="2022-09-21T08:38:08Z" name="Run on firefox" finished-at="2022-09-21T08:38:31Z" duration-ms="22952">
      <class name="commons.RegisterNopCommercePage">
        <test-method is-config="true" signature="initBeforeSuite()[pri:0, instance:commons.RegisterNopCommercePage@23f5b5dc]" started-at="2022-09-21T08:38:08Z" name="initBeforeSuite" finished-at="2022-09-21T08:38:08Z" duration-ms="8" status="PASS">
          <reporter-output>
          </reporter-output>
        </test-method> <!-- initBeforeSuite -->
        <test-method is-config="true" signature="beforeClass(java.lang.String, java.lang.String)[pri:0, instance:commons.RegisterNopCommercePage@23f5b5dc]" started-at="2022-09-21T08:38:08Z" name="beforeClass" finished-at="2022-09-21T08:38:13Z" duration-ms="4868" status="PASS">
          <params>
            <param index="0">
              <value>
                <![CDATA[firefox]]>
              </value>
            </param>
            <param index="1">
              <value>
                <![CDATA[Dev]]>
              </value>
            </param>
          </params>
          <reporter-output>
          </reporter-output>
        </test-method> <!-- beforeClass -->
        <test-method signature="TC_01_Register_Success()[pri:0, instance:commons.RegisterNopCommercePage@23f5b5dc]" started-at="2022-09-21T08:38:13Z" name="TC_01_Register_Success" finished-at="2022-09-21T08:38:22Z" duration-ms="8971" status="PASS">
          <reporter-output>
          </reporter-output>
        </test-method> <!-- TC_01_Register_Success -->
        <test-method is-config="true" signature="afterClass()[pri:0, instance:commons.RegisterNopCommercePage@23f5b5dc]" started-at="2022-09-21T08:38:22Z" name="afterClass" finished-at="2022-09-21T08:38:23Z" duration-ms="558" status="PASS">
          <reporter-output>
          </reporter-output>
        </test-method> <!-- afterClass -->
      </class> <!-- commons.RegisterNopCommercePage -->
      <class name="com.nopCommerce.user.MyAccount$Payment">
        <test-method is-config="true" signature="beforeClass(java.lang.String, java.lang.String)[pri:0, instance:com.nopCommerce.user.MyAccount$Payment@34bde49d]" started-at="2022-09-21T08:38:23Z" name="beforeClass" finished-at="2022-09-21T08:38:28Z" duration-ms="5028" status="PASS">
          <params>
            <param index="0">
              <value>
                <![CDATA[firefox]]>
              </value>
            </param>
            <param index="1">
              <value>
                <![CDATA[Dev]]>
              </value>
            </param>
          </params>
          <reporter-output>
            <line>
              <![CDATA[[2022-09-21 15:38:26,591] Pre-condition-01: click to login link
<br>]]>
            </line>
            <line>
              <![CDATA[[2022-09-21 15:38:27,255] Pre-condition-02: enter to email adelaida.auer@gmail.com
<br>]]>
            </line>
            <line>
              <![CDATA[[2022-09-21 15:38:27,307] Pre-condition-03: enter to password5lp4A3^@%6
<br>]]>
            </line>
            <line>
              <![CDATA[[2022-09-21 15:38:27,354] Pre-condition-04: click to Login Button
<br>]]>
            </line>
          </reporter-output>
        </test-method> <!-- beforeClass -->
        <test-method signature="TC_01_Update_Customer_Infor()[pri:0, instance:com.nopCommerce.user.MyAccount$Payment@34bde49d]" started-at="2022-09-21T08:38:28Z" name="TC_01_Update_Customer_Infor" finished-at="2022-09-21T08:38:30Z" duration-ms="2945" status="PASS">
          <reporter-output>
            <line>
              <![CDATA[[2022-09-21 15:38:28,052] Upadte_customer_infor_01: click to my account link
<br>]]>
            </line>
            <line>
              <![CDATA[[2022-09-21 15:38:28,669] Upadte_customer_infor_02: select Female radio
<br>]]>
            </line>
            <line>
              <![CDATA[[2022-09-21 15:38:28,911] Upadte_customer_infor_03: enter fisrt name textbox
<br>]]>
            </line>
            <line>
              <![CDATA[[2022-09-21 15:38:28,963] Upadte_customer_infor_04: enter last name textbox
<br>]]>
            </line>
            <line>
              <![CDATA[[2022-09-21 15:38:29,016] Upadte_customer_infor_05: select date
<br>]]>
            </line>
            <line>
              <![CDATA[[2022-09-21 15:38:29,266] Upadte_customer_infor_06: select month
<br>]]>
            </line>
            <line>
              <![CDATA[[2022-09-21 15:38:29,515] Upadte_customer_infor_07: select year
<br>]]>
            </line>
            <line>
              <![CDATA[[2022-09-21 15:38:29,766] Upadte_customer_infor_08: enter email textbox
<br>]]>
            </line>
            <line>
              <![CDATA[[2022-09-21 15:38:29,822] Upadte_customer_infor_09: enter company name textbox
<br>]]>
            </line>
            <line>
              <![CDATA[[2022-09-21 15:38:29,872] Upadte_customer_infor_10: click save button
<br>]]>
            </line>
            <line>
              <![CDATA[[2022-09-21 15:38:30,530] Upadte_customer_infor_11: Verify Gender is updated female
<br>]]>
            </line>
            <line>
              <![CDATA[[2022-09-21 15:38:30,560] Upadte_customer_infor_12: Verify first name is updated successful Dagny
<br>]]>
            </line>
            <line>
              <![CDATA[[2022-09-21 15:38:30,587] Upadte_customer_infor_13: Verify last name is updated successful Prohaska
<br>]]>
            </line>
            <line>
              <![CDATA[[2022-09-21 15:38:30,613] Upadte_customer_infor_14: Verify date is updated successful 11
<br>]]>
            </line>
            <line>
              <![CDATA[[2022-09-21 15:38:30,676] Upadte_customer_infor_15: Verify month is updated successful July
<br>]]>
            </line>
            <line>
              <![CDATA[[2022-09-21 15:38:30,730] Upadte_customer_infor_16: Verify year is updated successful 2000
<br>]]>
            </line>
            <line>
              <![CDATA[[2022-09-21 15:38:30,939] Upadte_customer_infor_17: Verify email is updated successful annelle.boyer@yahoo.com
<br>]]>
            </line>
            <line>
              <![CDATA[[2022-09-21 15:38:30,967] Upadte_customer_infor_18: Verify company name is updated successful Torphy Inc
<br>]]>
            </line>
          </reporter-output>
        </test-method> <!-- TC_01_Update_Customer_Infor -->
        <test-method is-config="true" signature="afterClass()[pri:0, instance:com.nopCommerce.user.MyAccount$Payment@34bde49d]" started-at="2022-09-21T08:38:30Z" name="afterClass" finished-at="2022-09-21T08:38:31Z" duration-ms="563" status="PASS">
          <reporter-output>
            <line>
              <![CDATA[[2022-09-21 15:38:30,999] OS name = mac os x
<br>]]>
            </line>
            <line>
              <![CDATA[[2022-09-21 15:38:30,999] Driver instance name = firefoxdriver: firefox on mac (410b0723-6be3-45cf-a447-d53f569e8b4f)
<br>]]>
            </line>
          </reporter-output>
        </test-method> <!-- afterClass -->
      </class> <!-- com.nopCommerce.user.MyAccount$Payment -->
    </test> <!-- Run on firefox -->
  </suite> <!-- NopCommerce -->
</testng-results>
