<?xml version="1.0" encoding="UTF-8"?>
<testsuite name="Run on firefox"
           tests="3"
           failures="0"
           errors="0"
           skipped="0"
           time="15.883">
  <properties />
  
  
            <testcase name="User_02_Login" time="2.135" classname="com.nopcommerce.user.Level_18_Data_Driven" />
                <testcase name="User_03_My_Account" time="10.635" classname="com.nopcommerce.user.Level_18_Data_Driven" />
                <testcase name="User_01_Register" time="3.113" classname="com.nopcommerce.user.Level_18_Data_Driven" />
      
</testsuite>
