<?xml version="1.0" encoding="UTF-8"?>
<testsuite name="Run on firefox"
           tests="3"
           failures="0"
           errors="0"
           skipped="0"
           time="16.380">
  <properties />
  
  
            <testcase name="User_01_Register" time="3.763" classname="com.nopcommerce.user.Level_18_Data_Driven" />
                <testcase name="User_02_Login" time="1.995" classname="com.nopcommerce.user.Level_18_Data_Driven" />
                <testcase name="User_03_My_Account" time="10.622" classname="com.nopcommerce.user.Level_18_Data_Driven" />
      
</testsuite>
